<?xml version="1.0" encoding="UTF-8"?>
<!-- Generated by org.testng.reporters.JUnitReportReporter -->
<testsuite hostname="DESKTOP-55Q53T7" failures="0" tests="2" name="org.test.Flipkart" time="161.590" errors="0" timestamp="24 Dec 2022 18:35:29 GMT" skipped="0">
  <testcase classname="org.test.Flipkart" name="productlist" time="151.311"/>
  <testcase classname="org.test.Flipkart" name="productprice" time="10.279"/>
</testsuite> <!-- org.test.Flipkart -->
