<?xml version="1.0" encoding="UTF-8"?>
<!-- Generated by org.testng.reporters.JUnitReportReporter -->
<testsuite hostname="DESKTOP-55Q53T7" failures="0" tests="2" name="org.test.Flipkart" time="59.613" errors="0" timestamp="24 Dec 2022 09:57:13 GMT" skipped="0">
  <testcase classname="org.test.Flipkart" name="productlist" time="51.392"/>
  <testcase classname="org.test.Flipkart" name="productprice" time="8.221"/>
</testsuite> <!-- org.test.Flipkart -->
